<?xml version="1.0" encoding="UTF-8"?>
<!-- Generated by org.testng.reporters.JUnitReportReporter -->
<testsuite hostname="User" failures="0" tests="1" name="com.Test.Test_001" time="20.292" errors="0" timestamp="2022-06-24T18:42:50 IST" skipped="0">
  <testcase classname="com.Test.Test_001" name="test_01" time="20.292"/>
  <system-out/>
</testsuite> <!-- com.Test.Test_001 -->
